30 39 2 8 172.513348 14 0 1 2 4 5 7 9 12 14 18 25 26 28 29 
30 39 2 8 170.496769 14 0 1 2 4 7 9 12 14 18 25 26 27 28 29 
30 39 2 8 185.067088 14 0 1 4 5 6 7 9 12 18 20 25 26 28 29 
30 39 2 8 170.961752 14 0 1 4 5 6 7 9 12 18 20 25 26 28 29 
30 39 2 8 164.648785 14 0 1 2 4 5 7 9 12 14 18 25 26 28 29 
Job ID           : 41033855
Cluster          : spartan
User/Project     : lingxiao1/punim0520
Nodes            : 2
Wall-clock time  : 00:14:29 / 01:00:00

Displaying overall resources usage from 2022-10-22 21:46:08 to 2022-10-22 22:00:38:

NODE            CPU#        TOT%   ( USR   / SYS   / WIO   / IDLE  ) 

spartan-bm006 : 
                CPU# 1    : 68.7   (  68.5 /   0.1 /   0.0 /  31.3 ) 
                CPU# 2    : 66.8   (  66.8 /   0.0 /   0.0 /  33.2 ) 
                CPU# 3    : 50.5   (  50.3 /   0.3 /   0.2 /  49.3 ) 
                CPU# 4    : 67.6   (  67.5 /   0.1 /   0.1 /  32.3 ) 
                CPU# 5    : 69.1   (  68.9 /   0.1 /   0.2 /  30.8 ) 
                CPU# 6    : 65.9   (  65.8 /   0.1 /   0.1 /  34.0 ) 
                CPU# 7    : 65.6   (  65.4 /   0.2 /   0.1 /  34.3 ) 
                CPU# 8    : 90.1   (  90.0 /   0.1 /   0.0 /   9.9 ) 

spartan-bm007 : 
                CPU# 9    : 73.0   (  72.8 /   0.2 /   0.0 /  27.0 ) 
                CPU# 10   : 67.8   (  67.6 /   0.2 /   0.0 /  32.2 ) 
                CPU# 11   : 78.7   (  78.6 /   0.1 /   0.0 /  21.3 ) 
                CPU# 12   : 56.0   (  55.6 /   0.3 /   0.0 /  44.0 ) 
                CPU# 13   : 55.5   (  55.3 /   0.2 /   0.0 /  44.5 ) 
                CPU# 14   : 42.5   (  42.1 /   0.3 /   0.0 /  57.5 ) 
                CPU# 15   : 41.5   (  41.0 /   0.4 /   0.0 /  58.5 ) 
                CPU# 16   : 68.1   (  67.9 /   0.2 /   0.0 /  31.9 ) 


Allocated CPUs            : 16   
  CPUs with usage <25%    : 0    
  CPUs with usage <50%    : 2    
  CPUs with usage >50%    : 14   

Memory used (RAM)         : 0.0%  [4MB of 64000MB]

--------------------------------------------

