30 39 16 1 72.780017 14 0 1 2 4 7 9 12 14 18 25 26 27 28 29 
30 39 16 1 71.168330 14 0 1 2 4 7 9 12 14 18 25 26 27 28 29 
30 39 16 1 71.496368 14 0 1 2 4 7 9 12 14 18 25 26 27 28 29 
30 39 16 1 71.316045 14 0 1 2 4 5 7 9 12 14 18 25 26 28 29 
30 39 16 1 71.436686 14 0 1 2 4 7 9 12 14 18 25 26 27 28 29 
30 39 16 1 71.657722 14 0 1 2 4 7 9 12 14 18 25 26 27 28 29 
30 39 16 1 71.145127 14 0 1 2 4 5 7 9 12 14 18 25 26 28 29 
30 39 16 1 71.874003 14 0 1 2 4 5 7 9 12 14 18 25 26 28 29 
30 39 16 1 70.816094 14 0 1 2 4 7 9 12 14 18 25 26 27 28 29 
30 39 16 1 74.798504 14 0 1 2 4 5 7 9 12 14 18 25 26 28 29 
Job ID           : 41016378
Cluster          : spartan
User/Project     : lingxiao1/punim0520
Nodes            : 16
Wall-clock time  : 00:12:16 / 05:00:00

Displaying overall resources usage from 2022-10-22 16:26:23 to 2022-10-22 16:38:39:

NODE            CPU#        TOT%   ( USR   / SYS   / WIO   / IDLE  ) 

spartan-bm086 : 
                CPU# 1    : 98.1   (  97.8 /   0.4 /   0.0 /   1.9 ) 

spartan-bm088 : 
                CPU# 2    : 97.3   (  96.9 /   0.3 /   0.0 /   2.7 ) 

spartan-bm089 : 
                CPU# 3    : 97.0   (  96.5 /   0.5 /   0.0 /   3.0 ) 

spartan-bm090 : 
                CPU# 4    : 96.3   (  95.9 /   0.4 /   0.0 /   3.7 ) 

spartan-bm091 : 
                CPU# 5    : 97.5   (  96.8 /   0.7 /   0.0 /   2.5 ) 

spartan-bm093 : 
                CPU# 6    : 97.8   (  97.5 /   0.3 /   0.0 /   2.2 ) 

spartan-bm094 : 
                CPU# 7    : 98.6   (  98.2 /   0.4 /   0.0 /   1.4 ) 

spartan-bm096 : 
                CPU# 8    : 97.5   (  97.3 /   0.3 /   0.0 /   2.5 ) 

spartan-bm097 : 
                CPU# 9    : 97.7   (  96.9 /   0.7 /   0.0 /   2.3 ) 

spartan-bm099 : 
                CPU# 10   : 97.5   (  97.2 /   0.3 /   0.0 /   2.5 ) 

spartan-bm101 : 
                CPU# 11   : 96.0   (  95.7 /   0.3 /   0.0 /   4.0 ) 

spartan-bm102 : 
                CPU# 12   : 97.4   (  97.1 /   0.3 /   0.0 /   2.6 ) 

spartan-bm103 : 
                CPU# 13   : 97.7   (  97.4 /   0.3 /   0.0 /   2.3 ) 

spartan-bm108 : 
                CPU# 14   : 97.8   (  97.5 /   0.3 /   0.0 /   2.2 ) 

spartan-bm109 : 
                CPU# 15   : 97.3   (  96.8 /   0.4 /   0.0 /   2.7 ) 

spartan-bm111 : 
                CPU# 16   : 96.9   (  96.6 /   0.4 /   0.0 /   3.1 ) 


Allocated CPUs            : 16   
  CPUs with usage <25%    : 0    
  CPUs with usage <50%    : 0    
  CPUs with usage >50%    : 16   

Memory used (RAM)         : 0.0%  [5MB of 64000MB]

--------------------------------------------

