30 39 1 2 543.575082 14 0 1 2 4 5 7 9 12 14 18 25 26 28 29 
30 39 1 2 549.865517 14 0 1 2 4 5 7 9 12 14 18 25 26 28 29 
30 39 1 2 538.040899 14 0 1 2 4 5 7 9 12 14 18 25 26 28 29 
30 39 1 2 578.559696 14 0 1 2 4 5 7 9 12 14 18 25 26 28 29 
30 39 1 2 611.396530 14 0 1 2 4 5 7 9 12 14 18 25 26 28 29 
30 39 1 3 432.399698 14 0 1 2 4 5 7 9 12 14 18 25 26 28 29 
30 39 1 3 433.491814 14 0 1 2 4 5 7 9 12 14 18 25 26 28 29 
30 39 1 3 479.335598 14 0 1 2 4 5 7 9 12 14 18 25 26 28 29 
30 39 1 3 494.523905 14 0 1 2 4 5 7 9 12 14 18 25 26 28 29 
30 39 1 3 445.549420 14 0 1 2 4 5 7 9 12 14 18 25 26 28 29 
30 39 1 4 427.147337 14 0 1 2 4 7 9 12 14 18 25 26 27 28 29 
30 39 1 4 411.257315 14 0 1 2 4 7 9 12 14 18 25 26 27 28 29 
30 39 1 4 427.959428 14 0 1 2 4 7 9 12 14 18 25 26 27 28 29 
30 39 1 4 425.756712 14 0 1 2 4 7 9 12 14 18 25 26 27 28 29 
30 39 1 4 417.086310 14 0 1 2 4 7 9 12 14 18 25 26 27 28 29 
30 39 1 5 354.403513 14 0 1 2 4 5 7 9 12 14 18 25 26 28 29 
30 39 1 5 357.421395 14 0 1 2 4 5 7 9 12 14 18 25 26 28 29 
30 39 1 5 359.145322 14 0 1 2 4 5 7 9 12 14 18 25 26 28 29 
30 39 1 5 360.486556 14 0 1 2 4 5 7 9 12 14 18 25 26 28 29 
30 39 1 5 353.280664 14 0 1 2 4 5 7 9 12 14 18 25 26 28 29 
30 39 1 6 303.835015 14 0 1 2 4 5 7 9 12 14 18 25 26 28 29 
30 39 1 6 314.861941 14 0 1 2 4 5 7 9 12 14 18 25 26 28 29 
30 39 1 6 304.089301 14 0 1 2 4 5 7 9 12 14 18 25 26 28 29 
30 39 1 6 308.245426 14 0 1 2 4 5 7 9 12 14 18 25 26 28 29 
30 39 1 6 309.307002 14 0 1 2 4 5 7 9 12 14 18 25 26 28 29 
30 39 1 7 275.000015 14 0 1 2 4 5 7 9 12 14 18 25 26 28 29 
30 39 1 7 276.532920 14 0 1 2 4 5 7 9 12 14 18 25 26 28 29 
30 39 1 7 271.694255 14 0 1 2 4 7 9 12 14 18 25 26 27 28 29 
30 39 1 7 270.519917 14 0 1 2 4 5 7 9 12 14 18 25 26 28 29 
30 39 1 8 250.044654 14 0 1 2 4 5 7 9 12 14 18 25 26 28 29 
30 39 1 8 240.640972 14 0 1 2 4 5 7 9 12 14 18 25 26 28 29 
30 39 1 8 238.844552 14 0 1 2 4 5 7 9 12 14 18 25 26 28 29 
30 39 1 8 245.460066 14 0 1 2 4 5 7 9 12 14 18 25 26 28 29 
30 39 1 8 242.722932 14 0 1 2 4 5 7 9 12 14 18 25 26 28 29 
30 39 1 9 226.220201 14 0 1 4 5 6 7 9 12 14 18 25 26 28 29 
30 39 1 9 222.493057 14 0 1 2 4 5 7 9 12 14 18 25 26 28 29 
30 39 1 9 226.251563 14 0 1 2 4 5 7 9 12 14 18 25 26 28 29 
30 39 1 9 219.884083 14 0 1 2 4 5 7 9 12 14 18 25 26 28 29 
30 39 1 10 206.143191 14 0 1 2 4 5 7 9 12 14 18 25 26 28 29 
30 39 1 10 208.799748 14 0 1 2 4 5 7 9 12 14 18 25 26 28 29 
30 39 1 10 203.837395 14 0 1 2 4 5 7 9 12 14 18 25 26 28 29 
30 39 1 10 198.728484 14 0 1 2 4 5 7 9 12 14 18 25 26 28 29 
30 39 1 10 200.699278 14 0 1 2 4 5 7 9 12 14 18 25 26 28 29 
30 39 1 11 191.085008 14 0 1 2 4 7 9 12 14 18 25 26 27 28 29 
30 39 1 11 188.703473 14 0 1 2 4 7 9 12 14 18 25 26 27 28 29 
30 39 1 11 187.392313 14 0 1 2 4 7 9 12 14 18 25 26 27 28 29 
30 39 1 11 193.417447 14 0 1 2 4 7 9 12 14 18 25 26 27 28 29 
30 39 1 11 196.451774 14 0 1 2 4 5 7 9 12 14 18 25 26 28 29 
30 39 1 12 179.908631 14 0 1 2 4 5 7 9 12 14 18 25 26 28 29 
30 39 1 12 172.993456 14 0 1 2 4 5 7 9 12 14 18 25 26 28 29 
30 39 1 12 174.833502 14 0 1 2 4 5 7 9 12 14 18 25 26 28 29 
30 39 1 13 167.995355 14 0 1 2 4 5 7 9 12 14 18 25 26 28 29 
30 39 1 13 167.658147 14 0 1 2 4 5 7 9 12 14 18 25 26 28 29 
30 39 1 13 164.793784 14 0 1 2 4 5 7 9 12 14 18 25 26 28 29 
30 39 1 13 167.774470 14 0 1 2 4 5 7 9 12 14 18 25 26 28 29 
30 39 1 14 158.623974 14 0 1 2 4 5 7 9 12 14 18 25 26 28 29 
30 39 1 14 155.368526 14 0 1 2 4 5 7 9 12 14 18 25 26 28 29 
30 39 1 14 156.125202 14 0 1 2 4 5 7 9 12 14 18 25 26 28 29 
30 39 1 14 155.060889 14 0 1 2 4 5 7 9 12 14 18 25 26 28 29 
30 39 1 15 143.947846 14 0 1 2 4 5 7 9 12 14 18 25 26 28 29 
30 39 1 15 146.725498 14 0 1 2 4 7 9 12 14 18 25 26 27 28 29 
30 39 1 15 147.966058 14 0 1 2 4 5 7 9 12 14 18 25 26 28 29 
30 39 1 15 145.997856 14 0 1 2 4 5 7 9 12 14 18 25 26 28 29 
30 39 1 15 145.705611 14 0 1 2 4 5 7 9 12 14 18 25 26 28 29 
30 39 1 16 140.083018 14 0 1 2 4 5 7 9 12 14 18 25 26 28 29 
30 39 1 16 138.270195 14 0 1 2 4 5 7 9 12 14 18 25 26 28 29 
30 39 1 16 138.461252 14 0 1 2 4 5 7 9 12 14 18 25 26 28 29 
30 39 1 16 135.010747 14 0 1 2 4 5 7 9 12 14 18 25 26 28 29 
30 39 1 16 140.863129 14 0 1 2 4 5 7 9 12 14 18 25 26 28 29 
Job ID           : 41015555
Cluster          : spartan
User/Project     : lingxiao1/punim0520
Nodes            : 1
Wall-clock time  : 05:19:33 / 10:00:00

Displaying overall resources usage from 2022-10-22 11:06:47 to 2022-10-22 16:26:20:

NODE            CPU#        TOT%   ( USR   / SYS   / WIO   / IDLE  ) 

spartan-bm094 : 
                CPU# 1    : 94.2   (  94.0 /   0.1 /   0.0 /   5.8 ) 
                CPU# 2    : 74.5   (  74.4 /   0.1 /   0.0 /  25.5 ) 
                CPU# 3    : 61.1   (  61.0 /   0.1 /   0.0 /  38.9 ) 
                CPU# 4    : 58.2   (  58.1 /   0.1 /   0.0 /  41.8 ) 
                CPU# 5    : 47.1   (  47.1 /   0.1 /   0.0 /  52.9 ) 
                CPU# 6    : 41.7   (  41.6 /   0.1 /   0.0 /  58.3 ) 
                CPU# 7    : 37.6   (  37.5 /   0.1 /   0.0 /  62.4 ) 
                CPU# 8    : 29.9   (  29.8 /   0.1 /   0.0 /  70.1 ) 
                CPU# 9    : 24.1   (  24.1 /   0.1 /   0.0 /  75.9 ) 
                CPU# 10   : 20.5   (  20.5 /   0.1 /   0.0 /  79.5 ) 
                CPU# 11   : 16.4   (  16.3 /   0.1 /   0.0 /  83.6 ) 
                CPU# 12   : 18.5   (  18.4 /   0.1 /   0.0 /  81.5 ) 
                CPU# 13   : 11.9   (  11.9 /   0.1 /   0.0 /  88.1 ) 
                CPU# 14   : 8.2    (   8.1 /   0.1 /   0.0 /  91.8 ) 
                CPU# 15   : 5.7    (   5.6 /   0.1 /   0.0 /  94.3 ) 
                CPU# 16   : 3.6    (   3.5 /   0.1 /   0.0 /  96.4 ) 


Allocated CPUs            : 16   
  CPUs with usage <25%    : 8    
  CPUs with usage <50%    : 4    
  CPUs with usage >50%    : 4    

Memory used (RAM)         : 0.0%  [5MB of 64000MB]

--------------------------------------------

