30 39 4 4 149.124785 14 0 1 4 5 6 7 9 12 18 20 25 26 28 29 
30 39 4 4 188.093879 14 0 1 4 5 6 7 9 12 18 20 25 26 28 29 
30 39 4 4 228.257630 14 0 1 4 5 6 7 9 12 18 20 25 26 28 29 
30 39 4 4 152.043852 14 0 1 4 5 6 7 9 12 18 20 25 26 28 29 
30 39 4 4 169.635504 14 0 1 4 5 6 7 9 12 18 20 25 26 28 29 
Job ID           : 41032219
Cluster          : spartan
User/Project     : lingxiao1/punim0520
Nodes            : 4
Wall-clock time  : 00:14:53 / 01:00:00

Displaying overall resources usage from 2022-10-22 20:59:02 to 2022-10-22 21:13:55:

NODE            CPU#        TOT%   ( USR   / SYS   / WIO   / IDLE  ) 

spartan-bm006 : 
                CPU# 1    : 81.4   (  81.3 /   0.1 /   0.0 /  18.6 ) 
                CPU# 2    : 54.5   (  54.2 /   0.3 /   0.2 /  45.3 ) 
                CPU# 3    : 39.4   (  39.1 /   0.3 /   0.1 /  60.5 ) 
                CPU# 4    : 49.0   (  48.9 /   0.2 /   0.1 /  50.9 ) 

spartan-bm010 : 
                CPU# 5    : 62.3   (  62.0 /   0.3 /   0.0 /  37.7 ) 
                CPU# 6    : 61.4   (  61.0 /   0.4 /   0.0 /  38.6 ) 
                CPU# 7    : 54.1   (  53.8 /   0.3 /   0.0 /  45.9 ) 
                CPU# 8    : 86.2   (  86.0 /   0.2 /   0.0 /  13.8 ) 

spartan-bm018 : 
                CPU# 9    : 63.3   (  63.0 /   0.2 /   0.0 /  36.7 ) 
                CPU# 10   : 68.1   (  67.7 /   0.4 /   0.0 /  31.9 ) 
                CPU# 11   : 72.7   (  72.5 /   0.1 /   0.0 /  27.3 ) 
                CPU# 12   : 86.6   (  86.4 /   0.2 /   0.0 /  13.4 ) 

spartan-bm019 : 
                CPU# 13   : 77.6   (  77.1 /   0.5 /   0.0 /  22.4 ) 
                CPU# 14   : 60.2   (  59.4 /   0.7 /   0.0 /  39.8 ) 
                CPU# 15   : 65.9   (  65.4 /   0.5 /   0.0 /  34.1 ) 
                CPU# 16   : 49.8   (  49.0 /   0.8 /   0.0 /  50.2 ) 


Allocated CPUs            : 16   
  CPUs with usage <25%    : 0    
  CPUs with usage <50%    : 3    
  CPUs with usage >50%    : 13   

Memory used (RAM)         : 0.0%  [5MB of 64000MB]

--------------------------------------------

