30 39 4 4 139.625392 14 0 1 2 4 7 9 12 14 18 25 26 27 28 29 
30 39 4 4 125.759766 14 0 1 2 4 7 9 12 14 18 25 26 27 28 29 
30 39 4 4 126.812829 14 0 1 2 4 7 9 12 14 18 25 26 27 28 29 
30 39 4 4 130.533423 14 0 1 2 4 7 9 12 14 18 25 26 27 28 29 
30 39 4 4 126.464347 14 0 1 2 4 7 9 12 14 18 25 26 27 28 29 
Job ID           : 41033862
Cluster          : spartan
User/Project     : lingxiao1/punim0520
Nodes            : 4
Wall-clock time  : 00:10:55 / 01:00:00

Displaying overall resources usage from 2022-10-22 21:35:07 to 2022-10-22 21:46:02:

NODE            CPU#        TOT%   ( USR   / SYS   / WIO   / IDLE  ) 

spartan-bm001 : 
                CPU# 1    : 85.2   (  85.0 /   0.1 /   0.0 /  14.8 ) 
                CPU# 2    : 72.6   (  72.3 /   0.3 /   0.0 /  27.4 ) 
                CPU# 3    : 64.1   (  63.8 /   0.3 /   0.0 /  35.9 ) 
                CPU# 4    : 73.5   (  73.1 /   0.4 /   0.0 /  26.5 ) 

spartan-bm002 : 
                CPU# 5    : 75.2   (  75.0 /   0.1 /   0.0 /  24.8 ) 
                CPU# 6    : 78.8   (  78.7 /   0.1 /   0.0 /  21.2 ) 
                CPU# 7    : 68.0   (  67.8 /   0.2 /   0.0 /  32.0 ) 
                CPU# 8    : 80.3   (  80.2 /   0.1 /   0.0 /  19.7 ) 

spartan-bm005 : 
                CPU# 9    : 65.7   (  65.1 /   0.6 /   0.0 /  34.3 ) 
                CPU# 10   : 81.7   (  81.3 /   0.3 /   0.0 /  18.3 ) 
                CPU# 11   : 64.5   (  64.2 /   0.4 /   0.0 /  35.5 ) 
                CPU# 12   : 68.2   (  67.8 /   0.3 /   0.0 /  31.8 ) 

spartan-bm006 : 
                CPU# 13   : 75.0   (  74.9 /   0.1 /   0.0 /  25.0 ) 
                CPU# 14   : 67.9   (  67.8 /   0.1 /   0.1 /  32.0 ) 
                CPU# 15   : 67.4   (  67.4 /   0.0 /   0.0 /  32.6 ) 
                CPU# 16   : 91.2   (  91.1 /   0.1 /   0.0 /   8.8 ) 


Allocated CPUs            : 16   
  CPUs with usage <25%    : 0    
  CPUs with usage <50%    : 0    
  CPUs with usage >50%    : 16   

Memory used (RAM)         : 0.0%  [5MB of 64000MB]

--------------------------------------------

