30 39 8 2 127.557991 14 1 4 5 6 7 9 10 12 16 18 20 26 28 29 
30 39 8 2 132.733250 14 1 4 5 6 7 9 10 12 16 18 20 26 28 29 
30 39 8 2 126.652356 14 1 4 5 6 7 9 10 12 16 18 20 26 28 29 
30 39 8 2 126.337772 14 1 4 5 6 7 9 10 12 16 18 20 26 28 29 
30 39 8 2 120.758623 14 1 4 5 6 7 9 10 12 16 18 20 26 28 29 
Job ID           : 41030037
Cluster          : spartan
User/Project     : lingxiao1/punim0520
Nodes            : 8
Wall-clock time  : 00:10:42 / 01:00:00

Displaying overall resources usage from 2022-10-22 18:31:12 to 2022-10-22 18:41:54:

NODE            CPU#        TOT%   ( USR   / SYS   / WIO   / IDLE  ) 

spartan-bm001 : 
                CPU# 1    : 88.1   (  87.8 /   0.3 /   0.0 /  11.8 ) 
                CPU# 2    : 89.7   (  89.4 /   0.4 /   0.0 /  10.3 ) 

spartan-bm002 : 
                CPU# 3    : 62.3   (  62.2 /   0.1 /   0.0 /  37.7 ) 
                CPU# 4    : 96.2   (  96.1 /   0.1 /   0.0 /   3.8 ) 

spartan-bm003 : 
                CPU# 5    : 87.1   (  87.0 /   0.1 /   0.0 /  12.9 ) 
                CPU# 6    : 70.5   (  70.5 /   0.1 /   0.0 /  29.5 ) 

spartan-bm004 : 
                CPU# 7    : 93.0   (  92.8 /   0.3 /   0.0 /   7.0 ) 
                CPU# 8    : 89.5   (  89.1 /   0.4 /   0.0 /  10.5 ) 

spartan-bm005 : 
                CPU# 9    : 76.4   (  76.1 /   0.3 /   0.0 /  23.6 ) 
                CPU# 10   : 79.6   (  79.3 /   0.3 /   0.0 /  20.4 ) 

spartan-bm006 : 
                CPU# 11   : 87.7   (  87.6 /   0.1 /   0.0 /  12.3 ) 
                CPU# 12   : 90.2   (  90.1 /   0.1 /   0.0 /   9.8 ) 

spartan-bm007 : 
                CPU# 13   : 80.6   (  80.4 /   0.2 /   0.0 /  19.4 ) 
                CPU# 14   : 82.3   (  82.1 /   0.2 /   0.0 /  17.7 ) 

spartan-bm008 : 
                CPU# 15   : 78.6   (  78.5 /   0.1 /   0.0 /  21.4 ) 
                CPU# 16   : 91.9   (  91.8 /   0.1 /   0.0 /   8.1 ) 


Allocated CPUs            : 16   
  CPUs with usage <25%    : 0    
  CPUs with usage <50%    : 0    
  CPUs with usage >50%    : 16   

Memory used (RAM)         : 0.0%  [5MB of 64000MB]

--------------------------------------------

