30 39 2 8 
work time 150.824629 
communication time 28.106451 
178.931094 14 0 1 4 5 6 7 9 12 18 20 25 26 28 29 
30 39 2 8 
work time 143.588868 
communication time 17.064604 
160.653483 14 0 1 4 5 6 7 9 12 18 20 25 26 28 29 
30 39 2 8 
work time 153.148394 
communication time 20.358861 
173.507265 14 0 1 4 5 6 7 9 12 18 20 25 26 28 29 
30 39 2 8 
work time 145.666764 
communication time 26.945039 
172.611815 14 0 1 4 5 6 7 9 12 18 20 25 26 28 29 
30 39 2 8 
work time 148.200258 
communication time 27.650209 
175.850478 14 0 1 4 5 6 7 9 12 18 20 25 26 28 29 


30 39 2 8 
work time 144.993739 
communication time 8.203587 
153.197347 14 0 1 4 5 6 7 9 12 18 20 25 26 28 29 
30 39 2 8 
work time 148.203430 
communication time 20.460902 
168.664354 14 0 1 4 5 6 7 9 12 18 20 25 26 28 29 
30 39 2 8 
work time 148.104097 
communication time 8.255934 
156.360049 14 0 1 4 5 6 7 9 12 18 20 25 26 28 29 
30 39 2 8 
work time 151.048046 
communication time 13.206460 
164.254527 14 0 1 4 5 6 7 9 12 18 20 25 26 28 29 
30 39 2 8 
work time 149.048630 
communication time 15.682509 
164.731163 14 0 1 4 5 6 7 9 12 18 20 25 26 28 29 
Job ID           : 41031342
Cluster          : spartan
User/Project     : lingxiao1/punim0520
Nodes            : 2
Wall-clock time  : 00:27:55 / 01:00:00

Displaying overall resources usage from 2022-10-22 20:18:57 to 2022-10-22 20:46:52:

NODE            CPU#        TOT%   ( USR   / SYS   / WIO   / IDLE  ) 

spartan-bm010 : 
                CPU# 1    : 62.6   (  62.6 /   0.1 /   0.0 /  37.4 ) 
                CPU# 2    : 61.2   (  61.1 /   0.1 /   0.0 /  38.8 ) 
                CPU# 3    : 69.5   (  69.3 /   0.2 /   0.0 /  30.5 ) 
                CPU# 4    : 62.0   (  61.8 /   0.1 /   0.0 /  38.0 ) 
                CPU# 5    : 68.1   (  68.0 /   0.1 /   0.0 /  31.9 ) 
                CPU# 6    : 65.9   (  65.8 /   0.1 /   0.0 /  34.1 ) 
                CPU# 7    : 63.8   (  63.8 /   0.1 /   0.0 /  36.2 ) 
                CPU# 8    : 72.8   (  72.7 /   0.1 /   0.0 /  27.2 ) 

spartan-bm011 : 
                CPU# 9    : 71.5   (  71.3 /   0.2 /   0.0 /  28.5 ) 
                CPU# 10   : 72.6   (  72.5 /   0.1 /   0.0 /  27.4 ) 
                CPU# 11   : 78.3   (  78.2 /   0.1 /   0.0 /  21.7 ) 
                CPU# 12   : 59.9   (  59.8 /   0.1 /   0.0 /  40.1 ) 
                CPU# 13   : 62.8   (  62.4 /   0.4 /   0.0 /  37.2 ) 
                CPU# 14   : 60.7   (  60.6 /   0.1 /   0.0 /  39.3 ) 
                CPU# 15   : 59.0   (  58.9 /   0.1 /   0.0 /  41.0 ) 
                CPU# 16   : 62.5   (  62.1 /   0.4 /   0.0 /  37.5 ) 


Allocated CPUs            : 16   
  CPUs with usage <25%    : 0    
  CPUs with usage <50%    : 0    
  CPUs with usage >50%    : 16   

Memory used (RAM)         : 0.0%  [4MB of 64000MB]

--------------------------------------------

