30 39 172.093507 14 0 1 2 4 5 7 9 12 14 18 25 26 28 29 
30 39 187.759937 14 0 1 2 4 5 7 9 12 14 18 25 26 28 29 
30 39 172.817140 14 0 1 2 4 5 7 9 12 14 18 25 26 28 29 
30 39 173.821985 14 0 1 2 4 5 7 9 12 14 18 25 26 28 29 
30 39 188.250410 14 0 1 2 4 5 7 9 12 14 18 25 26 28 29 
30 39 181.033995 14 0 1 2 4 5 7 9 12 14 18 25 26 28 29 
30 39 167.795016 14 0 1 2 4 5 7 9 12 14 18 25 26 28 29 
30 39 185.849739 14 0 1 2 4 5 7 9 12 14 18 25 26 28 29 
30 39 186.955604 14 0 1 2 4 5 7 9 12 14 18 25 26 28 29 
Job ID           : 40999741
Cluster          : spartan
User/Project     : lingxiao1/punim0520
Nodes            : 1
Wall-clock time  : 00:27:04 / 05:00:00

Displaying overall resources usage from 2022-10-22 04:37:16 to 2022-10-22 05:04:20:

NODE            CPU#        TOT%   ( USR   / SYS   / WIO   / IDLE  ) 

spartan-bm117 : 
                CPU# 1    : 66.5   (  66.1 /   0.4 /   0.0 /  33.5 ) 
                CPU# 2    : 65.1   (  65.1 /   0.0 /   0.0 /  34.9 ) 
                CPU# 3    : 67.1   (  67.1 /   0.0 /   0.0 /  32.9 ) 
                CPU# 4    : 63.0   (  63.0 /   0.0 /   0.0 /  37.0 ) 
                CPU# 5    : 60.2   (  60.2 /   0.0 /   0.0 /  39.8 ) 
                CPU# 6    : 63.0   (  62.9 /   0.1 /   0.0 /  37.0 ) 
                CPU# 7    : 62.8   (  62.5 /   0.2 /   0.0 /  37.2 ) 
                CPU# 8    : 65.9   (  65.9 /   0.0 /   0.0 /  34.1 ) 
                CPU# 9    : 65.2   (  65.2 /   0.0 /   0.0 /  34.8 ) 
                CPU# 10   : 64.8   (  64.8 /   0.0 /   0.0 /  35.2 ) 
                CPU# 11   : 65.4   (  65.4 /   0.0 /   0.0 /  34.6 ) 
                CPU# 12   : 64.7   (  64.7 /   0.0 /   0.0 /  35.3 ) 
                CPU# 13   : 60.4   (  60.4 /   0.0 /   0.0 /  39.6 ) 
                CPU# 14   : 65.5   (  65.5 /   0.0 /   0.0 /  34.5 ) 
                CPU# 15   : 65.4   (  65.4 /   0.0 /   0.0 /  34.6 ) 
                CPU# 16   : 70.1   (  70.0 /   0.0 /   0.0 /  29.9 ) 


Allocated CPUs            : 16   
  CPUs with usage <25%    : 0    
  CPUs with usage <50%    : 0    
  CPUs with usage >50%    : 16   

Memory used (RAM)         : 0.2%  [99MB of 64000MB]

--------------------------------------------

