25 33 12.639120 12 0 4 5 8 9 12 17 19 20 21 22 24 
25 33 11.418307 12 0 4 5 8 9 12 17 19 20 21 22 24 
25 33 11.384558 12 0 5 8 9 12 13 17 18 19 21 22 24 
25 33 11.951961 12 0 4 5 8 9 12 17 19 20 21 22 24 
25 33 12.249904 12 0 4 5 8 9 12 17 19 20 21 22 24 
25 33 10.579050 12 0 5 8 9 12 13 17 18 19 21 22 24 
25 33 10.930839 12 0 4 5 8 9 12 17 19 20 21 22 24 
25 33 12.639754 12 0 4 5 8 9 12 17 19 20 21 22 24 
25 33 12.109802 12 0 4 5 8 9 12 17 19 20 21 22 24 
25 33 11.024586 12 0 4 5 8 9 12 17 19 20 21 22 24 
Job ID           : 40997516
Cluster          : spartan
User/Project     : lingxiao1/punim0520
Nodes            : 2
Wall-clock time  : 00:02:22 / 00:03:00

Displaying overall resources usage from 2022-10-21 23:47:24 to 2022-10-21 23:49:46:

NODE            CPU#        TOT%   ( USR   / SYS   / WIO   / IDLE  ) 

spartan-bm023 : 
                CPU# 1    : 87.9   (  86.3 /   1.7 /   0.0 /  12.1 ) 
                CPU# 2    : 73.0   (  72.0 /   0.9 /   0.0 /  27.0 ) 

spartan-bm026 : 
                CPU# 3    : 65.1   (  64.5 /   0.6 /   0.0 /  34.9 ) 
                CPU# 4    : 82.3   (  80.8 /   1.6 /   0.0 /  17.7 ) 


Allocated CPUs            : 4    
  CPUs with usage <25%    : 0    
  CPUs with usage <50%    : 0    
  CPUs with usage >50%    : 4    

Memory used (RAM)         : 0.0%  [4MB of 16000MB]

--------------------------------------------

