30 39 1018.330512 14 0 1 2 4 5 7 9 12 14 18 25 26 28 29 
30 39 1018.554706 14 0 1 2 4 5 7 9 12 14 18 25 26 28 29 
30 39 1035.951163 14 0 1 2 4 5 7 9 12 14 18 25 26 28 29 
30 39 1037.827317 14 0 1 2 4 5 7 9 12 14 18 25 26 28 29 
30 39 1036.168299 14 0 1 2 4 5 7 9 12 14 18 25 26 28 29 
30 39 1031.154445 14 0 1 2 4 5 7 9 12 14 18 25 26 28 29 
30 39 1030.602047 14 0 1 2 4 5 7 9 12 14 18 25 26 28 29 
30 39 1030.774216 14 0 1 2 4 5 7 9 12 14 18 25 26 28 29 
30 39 1024.629461 14 0 1 2 4 5 7 9 12 14 18 25 26 28 29 
30 39 1030.246101 14 0 1 2 4 5 7 9 12 14 18 25 26 28 29 
Job ID           : 40999727
Cluster          : spartan
User/Project     : lingxiao1/punim0520
Nodes            : 1
Wall-clock time  : 02:51:42 / 05:00:00

Displaying overall resources usage from 2022-10-22 01:23:46 to 2022-10-22 04:15:28:

NODE            CPU#        TOT%   ( USR   / SYS   / WIO   / IDLE  ) 

spartan-bm016 : 
                CPU# 1    : 100.0  (  99.9 /   0.0 /   0.0 /   0.0 ) 


Allocated CPUs            : 1    
  CPUs with usage <25%    : 0    
  CPUs with usage <50%    : 0    
  CPUs with usage >50%    : 1    

Memory used (RAM)         : 2.5%  [99MB of 4000MB]

--------------------------------------------

