30 39 106.340183 14 1 4 5 6 7 9 10 12 16 18 20 26 28 29 
30 39 105.129135 14 1 4 5 6 7 9 10 12 16 18 20 26 28 29 
30 39 104.867930 14 1 4 5 6 7 9 10 12 16 18 20 26 28 29 
30 39 105.721869 14 1 4 5 6 7 9 10 12 16 18 20 26 28 29 
30 39 105.382338 14 1 4 5 6 7 9 10 12 16 18 20 26 28 29 
30 39 104.733891 14 1 4 5 6 7 9 10 12 16 18 20 26 28 29 
30 39 105.589672 14 1 4 5 6 7 9 10 12 16 18 20 26 28 29 
30 39 105.260242 14 1 4 5 6 7 9 10 12 16 18 20 26 28 29 
30 39 105.969771 14 1 4 5 6 7 9 10 12 16 18 20 26 28 29 
30 39 106.718028 14 1 4 5 6 7 9 10 12 16 18 20 26 28 29 
Job ID           : 41012159
Cluster          : spartan
User/Project     : lingxiao1/punim0520
Nodes            : 16
Wall-clock time  : 00:17:53 / 05:00:00

Displaying overall resources usage from 2022-10-22 09:06:33 to 2022-10-22 09:24:26:

NODE            CPU#        TOT%   ( USR   / SYS   / WIO   / IDLE  ) 

spartan-bm086 : 
                CPU# 1    : 98.6   (  98.3 /   0.3 /   0.0 /   1.4 ) 

spartan-bm087 : 
                CPU# 2    : 98.0   (  97.9 /   0.2 /   0.0 /   2.0 ) 

spartan-bm088 : 
                CPU# 3    : 98.3   (  98.1 /   0.3 /   0.0 /   1.7 ) 

spartan-bm089 : 
                CPU# 4    : 98.5   (  98.2 /   0.3 /   0.0 /   1.5 ) 

spartan-bm090 : 
                CPU# 5    : 98.0   (  97.8 /   0.2 /   0.0 /   2.0 ) 

spartan-bm091 : 
                CPU# 6    : 98.6   (  98.4 /   0.2 /   0.0 /   1.4 ) 

spartan-bm093 : 
                CPU# 7    : 98.3   (  98.0 /   0.2 /   0.0 /   1.7 ) 

spartan-bm094 : 
                CPU# 8    : 98.4   (  98.1 /   0.3 /   0.0 /   1.6 ) 

spartan-bm095 : 
                CPU# 9    : 98.2   (  98.0 /   0.2 /   0.0 /   1.8 ) 

spartan-bm096 : 
                CPU# 10   : 98.6   (  98.4 /   0.2 /   0.0 /   1.4 ) 

spartan-bm097 : 
                CPU# 11   : 99.1   (  98.9 /   0.2 /   0.0 /   0.9 ) 

spartan-bm098 : 
                CPU# 12   : 99.1   (  98.9 /   0.2 /   0.0 /   0.9 ) 

spartan-bm099 : 
                CPU# 13   : 98.2   (  98.0 /   0.2 /   0.0 /   1.8 ) 

spartan-bm100 : 
                CPU# 14   : 98.4   (  98.2 /   0.2 /   0.0 /   1.6 ) 

spartan-bm101 : 
                CPU# 15   : 99.0   (  98.8 /   0.2 /   0.0 /   1.0 ) 

spartan-bm103 : 
                CPU# 16   : 98.4   (  98.1 /   0.3 /   0.0 /   1.6 ) 


Allocated CPUs            : 16   
  CPUs with usage <25%    : 0    
  CPUs with usage <50%    : 0    
  CPUs with usage >50%    : 16   

Memory used (RAM)         : 0.0%  [6MB of 64000MB]

--------------------------------------------

