30 39 8 2 88.687260 14 0 1 2 4 5 7 9 12 14 18 25 26 28 29 
30 39 8 2 86.103328 14 0 1 2 4 7 9 12 14 18 25 26 27 28 29 
30 39 8 2 90.377342 14 0 1 2 4 5 7 9 12 14 18 25 26 28 29 
30 39 8 2 90.753596 14 0 1 2 4 5 7 9 12 14 18 25 26 28 29 
30 39 8 2 88.684885 14 0 1 2 4 7 9 12 14 18 25 26 27 28 29 
Job ID           : 41031705
Cluster          : spartan
User/Project     : lingxiao1/punim0520
Nodes            : 8
Wall-clock time  : 00:07:30 / 01:00:00

Displaying overall resources usage from 2022-10-22 19:31:50 to 2022-10-22 19:39:20:

NODE            CPU#        TOT%   ( USR   / SYS   / WIO   / IDLE  ) 

spartan-bm086 : 
                CPU# 1    : 87.2   (  87.0 /   0.2 /   0.0 /  12.8 ) 
                CPU# 2    : 93.2   (  92.9 /   0.3 /   0.0 /   6.8 ) 

spartan-bm089 : 
                CPU# 3    : 92.1   (  91.9 /   0.2 /   0.0 /   7.9 ) 
                CPU# 4    : 90.7   (  90.4 /   0.2 /   0.0 /   9.3 ) 

spartan-bm091 : 
                CPU# 5    : 89.9   (  89.6 /   0.3 /   0.0 /  10.1 ) 
                CPU# 6    : 89.9   (  89.5 /   0.4 /   0.0 /  10.1 ) 

spartan-bm099 : 
                CPU# 7    : 91.7   (  91.5 /   0.2 /   0.0 /   8.3 ) 
                CPU# 8    : 88.0   (  87.6 /   0.4 /   0.0 /  12.0 ) 

spartan-bm104 : 
                CPU# 9    : 88.6   (  88.4 /   0.2 /   0.0 /  11.4 ) 
                CPU# 10   : 88.5   (  88.3 /   0.2 /   0.0 /  11.5 ) 

spartan-bm108 : 
                CPU# 11   : 86.9   (  86.5 /   0.4 /   0.0 /  13.1 ) 
                CPU# 12   : 93.3   (  93.0 /   0.4 /   0.0 /   6.7 ) 

spartan-bm111 : 
                CPU# 13   : 91.4   (  91.3 /   0.1 /   0.0 /   8.6 ) 
                CPU# 14   : 90.9   (  90.8 /   0.1 /   0.0 /   9.1 ) 

spartan-bm112 : 
                CPU# 15   : 89.5   (  89.3 /   0.2 /   0.0 /  10.5 ) 
                CPU# 16   : 90.3   (  90.0 /   0.4 /   0.0 /   9.7 ) 


Allocated CPUs            : 16   
  CPUs with usage <25%    : 0    
  CPUs with usage <50%    : 0    
  CPUs with usage >50%    : 16   

Memory used (RAM)         : 0.0%  [5MB of 64000MB]

--------------------------------------------

