30 39 2 8 179.402313 14 0 1 2 4 5 7 9 12 14 18 25 26 28 29 
30 39 2 8 190.718044 14 0 1 2 4 5 7 9 12 14 18 25 26 28 29 
30 39 2 8 184.679734 14 0 1 2 4 5 7 9 12 14 18 25 26 28 29 
30 39 2 8 182.516521 14 0 1 2 4 5 7 9 12 14 18 25 26 28 29 
30 39 2 8 166.321157 14 0 1 2 4 5 7 9 12 14 18 25 26 28 29 
Job ID           : 41029976
Cluster          : spartan
User/Project     : lingxiao1/punim0520
Nodes            : 2
Wall-clock time  : 00:15:13 / 05:00:00

Displaying overall resources usage from 2022-10-22 18:15:41 to 2022-10-22 18:30:54:

NODE            CPU#        TOT%   ( USR   / SYS   / WIO   / IDLE  ) 

spartan-bm006 : 
                CPU# 1    : 63.8   (  63.6 /   0.1 /   0.0 /  36.2 ) 
                CPU# 2    : 69.9   (  69.7 /   0.1 /   0.0 /  30.1 ) 
                CPU# 3    : 66.4   (  66.4 /   0.0 /   0.0 /  33.6 ) 
                CPU# 4    : 64.8   (  64.8 /   0.0 /   0.0 /  35.2 ) 
                CPU# 5    : 65.9   (  65.9 /   0.1 /   0.0 /  34.1 ) 
                CPU# 6    : 47.9   (  47.4 /   0.5 /   0.3 /  51.8 ) 
                CPU# 7    : 37.1   (  36.7 /   0.4 /   0.2 /  62.6 ) 
                CPU# 8    : 39.5   (  39.1 /   0.3 /   0.2 /  60.3 ) 

spartan-bm007 : 
                CPU# 9    : 59.9   (  59.5 /   0.4 /   0.0 /  40.1 ) 
                CPU# 10   : 64.4   (  64.0 /   0.4 /   0.0 /  35.6 ) 
                CPU# 11   : 53.5   (  53.2 /   0.3 /   0.0 /  46.5 ) 
                CPU# 12   : 54.1   (  53.8 /   0.3 /   0.0 /  45.9 ) 
                CPU# 13   : 53.9   (  53.7 /   0.3 /   0.0 /  46.1 ) 
                CPU# 14   : 62.7   (  62.5 /   0.2 /   0.0 /  37.3 ) 
                CPU# 15   : 55.6   (  55.4 /   0.2 /   0.0 /  44.4 ) 
                CPU# 16   : 72.6   (  72.4 /   0.2 /   0.0 /  27.4 ) 


Allocated CPUs            : 16   
  CPUs with usage <25%    : 0    
  CPUs with usage <50%    : 3    
  CPUs with usage >50%    : 13   

Memory used (RAM)         : 0.0%  [4MB of 64000MB]

--------------------------------------------

